{"synthetic": false,
 "schemaVersion": "2025-09-10",
 "outputs":
 {"o": ["fc663f8f9fc733a7.olean"],
  "i": "993a28437e6d7797.ilean",
  "c": "c4264782586e03f2.c"},
 "log":
 [{"message":
   ".> LEAN_PATH=/Users/thomasdifiore/causal-algebraic-geometry-lean/.lake/packages/Cli/.lake/build/lib/lean:/Users/thomasdifiore/causal-algebraic-geometry-lean/.lake/packages/batteries/.lake/build/lib/lean:/Users/thomasdifiore/causal-algebraic-geometry-lean/.lake/packages/Qq/.lake/build/lib/lean:/Users/thomasdifiore/causal-algebraic-geometry-lean/.lake/packages/aesop/.lake/build/lib/lean:/Users/thomasdifiore/causal-algebraic-geometry-lean/.lake/packages/proofwidgets/.lake/build/lib/lean:/Users/thomasdifiore/causal-algebraic-geometry-lean/.lake/packages/importGraph/.lake/build/lib/lean:/Users/thomasdifiore/causal-algebraic-geometry-lean/.lake/packages/LeanSearchClient/.lake/build/lib/lean:/Users/thomasdifiore/causal-algebraic-geometry-lean/.lake/packages/plausible/.lake/build/lib/lean:/Users/thomasdifiore/causal-algebraic-geometry-lean/.lake/packages/mathlib/.lake/build/lib/lean:/Users/thomasdifiore/causal-algebraic-geometry-lean/.lake/build/lib/lean /Users/thomasdifiore/.elan/toolchains/leanprover--lean4---v4.28.0/bin/lean /Users/thomasdifiore/causal-algebraic-geometry-lean/CausalAlgebraicGeometry.lean -o /Users/thomasdifiore/causal-algebraic-geometry-lean/.lake/build/lib/lean/CausalAlgebraicGeometry.olean -i /Users/thomasdifiore/causal-algebraic-geometry-lean/.lake/build/lib/lean/CausalAlgebraicGeometry.ilean -c /Users/thomasdifiore/causal-algebraic-geometry-lean/.lake/build/ir/CausalAlgebraicGeometry.c --setup /Users/thomasdifiore/causal-algebraic-geometry-lean/.lake/build/ir/CausalAlgebraicGeometry.setup.json --json",
   "level": "trace"}],
 "inputs":
 [["CausalAlgebraicGeometry:deps",
   [["deps",
     [["CausalAlgebraicGeometry/CausalAlgebraicGeometry:extraDep",
       [["@CausalAlgebraicGeometry:extraDep", "00000000000006bb"]]],
      ["imports",
       [["CausalAlgebraicGeometry.CausalAlgebra transitive imports (legacy)",
         "0ffbcf99f37c5337"],
        ["CausalAlgebraicGeometry.CausalAlgebra:importAllArts",
         "4e44f4e9327ffba3"],
        ["CausalAlgebraicGeometry.CausalPrimality transitive imports (legacy)",
         "a3005c5d4851ae2c"],
        ["CausalAlgebraicGeometry.CausalPrimality:importAllArts",
         "2ce1e08f08e51b5f"],
        ["CausalAlgebraicGeometry.NoetherianRatio transitive imports (legacy)",
         "b063956a48da8e25"],
        ["CausalAlgebraicGeometry.NoetherianRatio:importAllArts",
         "75a3e645fe89b0fb"],
        ["CausalAlgebraicGeometry.ArithmeticBridge transitive imports (legacy)",
         "6502b001ba2b0b22"],
        ["CausalAlgebraicGeometry.ArithmeticBridge:importAllArts",
         "9a2d6550b046b4db"],
        ["CausalAlgebraicGeometry.CSpecSheaf transitive imports (legacy)",
         "585c6e95a30a81ee"],
        ["CausalAlgebraicGeometry.CSpecSheaf:importAllArts",
         "fedebad26b05b65c"],
        ["CausalAlgebraicGeometry.OrderComplexCohomology transitive imports (legacy)",
         "26a33438f9956c06"],
        ["CausalAlgebraicGeometry.OrderComplexCohomology:importAllArts",
         "381fb4e20e9fe001"]]]]],
    ["libs",
     [["import dynlibs", "00000000000006bb"],
      ["package external libraries", "00000000000006bb"],
      ["module dynlibs", "00000000000006bb"],
      ["module plugins", "00000000000006bb"]]]]],
  ["Lean 4.28.0, commit 7e01a1bf5c70fc6167d49c345d3bf80596e9a79b",
   "a96bc04a2e5e9630"],
  ["/Users/thomasdifiore/causal-algebraic-geometry-lean/CausalAlgebraicGeometry.lean",
   "c535b02ce414b9d8"],
  ["options",
   [["-DrelaxedAutoImplicit=false", "74a2b5546b55be80"],
    ["-Dpp.unicode.fun=true", "9b94070140457fab"]]],
  ["Module.leanArgs: #[]", "00000000000006bb"]],
 "depHash": "8bb5fb983da07a65"}