{"synthetic": false,
 "schemaVersion": "2025-09-10",
 "outputs":
 {"o": ["8d4fc4189915989d.olean"],
  "i": "5dbbd06016bd2988.ilean",
  "c": "70801f968f7c7a62.c"},
 "log":
 [{"message":
   ".> LEAN_PATH=/Users/thomasdifiore/causal-algebraic-geometry-lean/.lake/packages/Cli/.lake/build/lib/lean:/Users/thomasdifiore/causal-algebraic-geometry-lean/.lake/packages/batteries/.lake/build/lib/lean:/Users/thomasdifiore/causal-algebraic-geometry-lean/.lake/packages/Qq/.lake/build/lib/lean:/Users/thomasdifiore/causal-algebraic-geometry-lean/.lake/packages/aesop/.lake/build/lib/lean:/Users/thomasdifiore/causal-algebraic-geometry-lean/.lake/packages/proofwidgets/.lake/build/lib/lean:/Users/thomasdifiore/causal-algebraic-geometry-lean/.lake/packages/importGraph/.lake/build/lib/lean:/Users/thomasdifiore/causal-algebraic-geometry-lean/.lake/packages/LeanSearchClient/.lake/build/lib/lean:/Users/thomasdifiore/causal-algebraic-geometry-lean/.lake/packages/plausible/.lake/build/lib/lean:/Users/thomasdifiore/causal-algebraic-geometry-lean/.lake/packages/mathlib/.lake/build/lib/lean:/Users/thomasdifiore/causal-algebraic-geometry-lean/.lake/build/lib/lean /Users/thomasdifiore/.elan/toolchains/leanprover--lean4---v4.28.0/bin/lean /Users/thomasdifiore/causal-algebraic-geometry-lean/CausalAlgebraicGeometry/ArithmeticBridge.lean -o /Users/thomasdifiore/causal-algebraic-geometry-lean/.lake/build/lib/lean/CausalAlgebraicGeometry/ArithmeticBridge.olean -i /Users/thomasdifiore/causal-algebraic-geometry-lean/.lake/build/lib/lean/CausalAlgebraicGeometry/ArithmeticBridge.ilean -c /Users/thomasdifiore/causal-algebraic-geometry-lean/.lake/build/ir/CausalAlgebraicGeometry/ArithmeticBridge.c --setup /Users/thomasdifiore/causal-algebraic-geometry-lean/.lake/build/ir/CausalAlgebraicGeometry/ArithmeticBridge.setup.json --json",
   "level": "trace"},
  {"message":
   "CausalAlgebraicGeometry/ArithmeticBridge.lean:30:21: unused variable `hn`\n\nNote: This linter can be disabled with `set_option linter.unusedVariables false`",
   "level": "warning"},
  {"message":
   "CausalAlgebraicGeometry/ArithmeticBridge.lean:97:44: This simp argument is unused:\n  Set.mem_setOf_eq\n\nHint: Omit it from the simp argument list.\n  s̵i̵m̵p̵ ̵o̵n̵l̵y̵ ̵[̵S̵e̵t̵.̵m̵e̵m̵_̵c̵o̵m̵p̵l̵_̵i̵f̵f̵,̵ ̵p̵r̵i̵m̵e̵U̵p̵s̵e̵t̵,̵ ̵S̵e̵t̵.̵m̵e̵m̵_̵s̵e̵t̵O̵f̵_̵e̵q̵]̵ ̵a̵t̵ ̵h̵a̵ ̵h̵b̵ ̵⊢̵s̲i̲m̲p̲ ̲o̲n̲l̲y̲ ̲[̲S̲e̲t̲.̲m̲e̲m̲_̲c̲o̲m̲p̲l̲_̲i̲f̲f̲,̲\n  ̲ ̲ ̲ ̲ ̲p̲r̲i̲m̲e̲U̲p̲s̲e̲t̲]̲ ̲a̲t̲ ̲h̲a̲ ̲h̲b̲\n  ̲ ̲ ̲ ̲ ̲ ̲ ̲⊢̲\n  ̲ ̲ ̲ ̲ ̲ ̲ ̲ ̲ ̲-̲-̲ ̲h̲a̲c̲ ̲:̲ ̲a̲ ̲|̲ ̲c̲,̲ ̲h̲c̲b̲ ̲:̲ ̲c̲ ̲|̲ ̲b̲,̲ ̲h̲b̲ ̲:̲ ̲p̲ ̲∤̲ ̲b̲\n  ̲ ̲ ̲ ̲ ̲ ̲ ̲ ̲ ̲ ̲ ̲-̲-̲ ̲I̲f̲ ̲p̲ ̲|̲ ̲c̲ ̲t̲h̲e̲n̲ ̲p̲ ̲|̲ ̲b̲ ̲(̲s̲i̲n̲c̲e̲ ̲c̲ ̲|̲ ̲b̲)̲,̲ ̲c̲o̲n̲t̲r̲a̲d̲i̲c̲t̲i̲n̲g̲ ̲h̲b̲\n  ̲ ̲ ̲ ̲ ̲ ̲ ̲ ̲ ̲\n\nNote: This linter can be disabled with `set_option linter.unusedSimpArgs false`",
   "level": "warning"},
  {"message":
   "CausalAlgebraicGeometry/ArithmeticBridge.lean:128:5: unused variable `hpn`\n\nNote: This linter can be disabled with `set_option linter.unusedVariables false`",
   "level": "warning"}],
 "inputs":
 [["CausalAlgebraicGeometry.ArithmeticBridge:deps",
   [["deps",
     [["CausalAlgebraicGeometry/CausalAlgebraicGeometry:extraDep",
       [["@CausalAlgebraicGeometry:extraDep", "00000000000006bb"]]],
      ["imports",
       [["Mathlib.NumberTheory.ArithmeticFunction.Moebius transitive imports (legacy)",
         "4d3ccb5bafe4ce9e"],
        ["Mathlib.NumberTheory.ArithmeticFunction.Moebius:importAllArts",
         "868ec74abc9aa95f"],
        ["Mathlib.Combinatorics.Enumerative.IncidenceAlgebra transitive imports (legacy)",
         "4f50d0aba5342284"],
        ["Mathlib.Combinatorics.Enumerative.IncidenceAlgebra:importAllArts",
         "47a6612c63ba2fc1"],
        ["Mathlib.Data.Nat.Prime.Basic transitive imports (legacy)",
         "a2396d9cfbc387cc"],
        ["Mathlib.Data.Nat.Prime.Basic:importAllArts", "192e1201dee348d3"],
        ["CausalAlgebraicGeometry.CausalAlgebra transitive imports (legacy)",
         "0ffbcf99f37c5337"],
        ["CausalAlgebraicGeometry.CausalAlgebra:importAllArts",
         "4e44f4e9327ffba3"],
        ["CausalAlgebraicGeometry.CausalPrimality transitive imports (legacy)",
         "a3005c5d4851ae2c"],
        ["CausalAlgebraicGeometry.CausalPrimality:importAllArts",
         "2ce1e08f08e51b5f"]]]]],
    ["libs",
     [["import dynlibs", "00000000000006bb"],
      ["package external libraries", "00000000000006bb"],
      ["module dynlibs", "00000000000006bb"],
      ["module plugins", "00000000000006bb"]]]]],
  ["Lean 4.28.0, commit 7e01a1bf5c70fc6167d49c345d3bf80596e9a79b",
   "a96bc04a2e5e9630"],
  ["/Users/thomasdifiore/causal-algebraic-geometry-lean/CausalAlgebraicGeometry/ArithmeticBridge.lean",
   "58980ab9e6f5fa11"],
  ["options",
   [["-DrelaxedAutoImplicit=false", "74a2b5546b55be80"],
    ["-Dpp.unicode.fun=true", "9b94070140457fab"]]],
  ["Module.leanArgs: #[]", "00000000000006bb"]],
 "depHash": "cac19f17912e342b"}