{"synthetic": false,
 "schemaVersion": "2025-09-10",
 "outputs":
 {"o": ["911231078a8dfff0.olean"],
  "i": "fa8d09c41961cb98.ilean",
  "c": "a5ff58304f80d697.c"},
 "log":
 [{"message":
   ".> LEAN_PATH=/Users/thomasdifiore/causal-algebraic-geometry-lean/.lake/packages/Cli/.lake/build/lib/lean:/Users/thomasdifiore/causal-algebraic-geometry-lean/.lake/packages/batteries/.lake/build/lib/lean:/Users/thomasdifiore/causal-algebraic-geometry-lean/.lake/packages/Qq/.lake/build/lib/lean:/Users/thomasdifiore/causal-algebraic-geometry-lean/.lake/packages/aesop/.lake/build/lib/lean:/Users/thomasdifiore/causal-algebraic-geometry-lean/.lake/packages/proofwidgets/.lake/build/lib/lean:/Users/thomasdifiore/causal-algebraic-geometry-lean/.lake/packages/importGraph/.lake/build/lib/lean:/Users/thomasdifiore/causal-algebraic-geometry-lean/.lake/packages/LeanSearchClient/.lake/build/lib/lean:/Users/thomasdifiore/causal-algebraic-geometry-lean/.lake/packages/plausible/.lake/build/lib/lean:/Users/thomasdifiore/causal-algebraic-geometry-lean/.lake/packages/mathlib/.lake/build/lib/lean:/Users/thomasdifiore/causal-algebraic-geometry-lean/.lake/build/lib/lean /Users/thomasdifiore/.elan/toolchains/leanprover--lean4---v4.28.0/bin/lean /Users/thomasdifiore/causal-algebraic-geometry-lean/CausalAlgebraicGeometry/CausalPrimality.lean -o /Users/thomasdifiore/causal-algebraic-geometry-lean/.lake/build/lib/lean/CausalAlgebraicGeometry/CausalPrimality.olean -i /Users/thomasdifiore/causal-algebraic-geometry-lean/.lake/build/lib/lean/CausalAlgebraicGeometry/CausalPrimality.ilean -c /Users/thomasdifiore/causal-algebraic-geometry-lean/.lake/build/ir/CausalAlgebraicGeometry/CausalPrimality.c --setup /Users/thomasdifiore/causal-algebraic-geometry-lean/.lake/build/ir/CausalAlgebraicGeometry/CausalPrimality.setup.json --json",
   "level": "trace"},
  {"message":
   "CausalAlgebraicGeometry/CausalPrimality.lean:144:2: Try this: intro x y γ hx hy hxγ hγy ⟨hαγ, hne⟩",
   "level": "warning"}],
 "inputs":
 [["CausalAlgebraicGeometry.CausalPrimality:deps",
   [["deps",
     [["CausalAlgebraicGeometry/CausalAlgebraicGeometry:extraDep",
       [["@CausalAlgebraicGeometry:extraDep", "00000000000006bb"]]],
      ["imports",
       [["Mathlib.Order.Basic transitive imports (legacy)", "d3247f324f550652"],
        ["Mathlib.Order.Basic:importAllArts", "3c5f813a71c78b8c"],
        ["Mathlib.Data.Fintype.Basic transitive imports (legacy)",
         "4e94253bc0d7cbb5"],
        ["Mathlib.Data.Fintype.Basic:importAllArts", "17fb2da79acf29b9"],
        ["Mathlib.Data.Finset.Basic transitive imports (legacy)",
         "737bd5c64804cc77"],
        ["Mathlib.Data.Finset.Basic:importAllArts", "61dc2f560ae96eac"],
        ["Mathlib.Data.Finset.Card transitive imports (legacy)",
         "62ef8698030eb9dc"],
        ["Mathlib.Data.Finset.Card:importAllArts", "9d8a1b7a115196cd"],
        ["CausalAlgebraicGeometry.CausalAlgebra transitive imports (legacy)",
         "0ffbcf99f37c5337"],
        ["CausalAlgebraicGeometry.CausalAlgebra:importAllArts",
         "4e44f4e9327ffba3"]]]]],
    ["libs",
     [["import dynlibs", "00000000000006bb"],
      ["package external libraries", "00000000000006bb"],
      ["module dynlibs", "00000000000006bb"],
      ["module plugins", "00000000000006bb"]]]]],
  ["Lean 4.28.0, commit 7e01a1bf5c70fc6167d49c345d3bf80596e9a79b",
   "a96bc04a2e5e9630"],
  ["/Users/thomasdifiore/causal-algebraic-geometry-lean/CausalAlgebraicGeometry/CausalPrimality.lean",
   "ccfe2a0ab44bb557"],
  ["options",
   [["-DrelaxedAutoImplicit=false", "74a2b5546b55be80"],
    ["-Dpp.unicode.fun=true", "9b94070140457fab"]]],
  ["Module.leanArgs: #[]", "00000000000006bb"]],
 "depHash": "642ba132d5919ab2"}