{"synthetic": false,
 "schemaVersion": "2025-09-10",
 "outputs":
 {"o": ["38f037941469f4a4.olean"],
  "i": "579a86cc0b7cadb6.ilean",
  "c": "6caffea63c0dd2f0.c"},
 "log":
 [{"message":
   ".> LEAN_PATH=/Users/thomasdifiore/causal-algebraic-geometry-lean/.lake/packages/Cli/.lake/build/lib/lean:/Users/thomasdifiore/causal-algebraic-geometry-lean/.lake/packages/batteries/.lake/build/lib/lean:/Users/thomasdifiore/causal-algebraic-geometry-lean/.lake/packages/Qq/.lake/build/lib/lean:/Users/thomasdifiore/causal-algebraic-geometry-lean/.lake/packages/aesop/.lake/build/lib/lean:/Users/thomasdifiore/causal-algebraic-geometry-lean/.lake/packages/proofwidgets/.lake/build/lib/lean:/Users/thomasdifiore/causal-algebraic-geometry-lean/.lake/packages/importGraph/.lake/build/lib/lean:/Users/thomasdifiore/causal-algebraic-geometry-lean/.lake/packages/LeanSearchClient/.lake/build/lib/lean:/Users/thomasdifiore/causal-algebraic-geometry-lean/.lake/packages/plausible/.lake/build/lib/lean:/Users/thomasdifiore/causal-algebraic-geometry-lean/.lake/packages/mathlib/.lake/build/lib/lean:/Users/thomasdifiore/causal-algebraic-geometry-lean/.lake/build/lib/lean /Users/thomasdifiore/.elan/toolchains/leanprover--lean4---v4.28.0/bin/lean /Users/thomasdifiore/causal-algebraic-geometry-lean/CausalAlgebraicGeometry/NoetherianRatio.lean -o /Users/thomasdifiore/causal-algebraic-geometry-lean/.lake/build/lib/lean/CausalAlgebraicGeometry/NoetherianRatio.olean -i /Users/thomasdifiore/causal-algebraic-geometry-lean/.lake/build/lib/lean/CausalAlgebraicGeometry/NoetherianRatio.ilean -c /Users/thomasdifiore/causal-algebraic-geometry-lean/.lake/build/ir/CausalAlgebraicGeometry/NoetherianRatio.c --setup /Users/thomasdifiore/causal-algebraic-geometry-lean/.lake/build/ir/CausalAlgebraicGeometry/NoetherianRatio.setup.json --json",
   "level": "trace"},
  {"message":
   "CausalAlgebraicGeometry/NoetherianRatio.lean:89:48: This simp argument is unused:\n  Finset.mem_coe\n\nHint: Omit it from the simp argument list.\n  simp only [intervalFinset, Finset.coe_filter, Finset.mem_c̵o̵e̵,̵\n  ̵ ̵ ̵ ̵ ̵F̵i̵n̵s̵e̵t̵.̵m̵e̵m̵_̵filter, Finset.mem_univ, true_and,\n  ̲  ̲ ̲ ̲Set.mem_setOf_eq] at hα hβ ⊢\n\nNote: This linter can be disabled with `set_option linter.unusedSimpArgs false`",
   "level": "warning"},
  {"message":
   "CausalAlgebraicGeometry/NoetherianRatio.lean:90:4: This simp argument is unused:\n  Finset.mem_filter\n\nHint: Omit it from the simp argument list.\n  simp only [intervalFinset, Finset.coe_filter, Finset.mem_coe, F̵i̵n̵s̵e̵t̵.̵m̵e̵m̵_̵f̵i̵l̵t̵e̵r̵,̵ ̵Finset.mem_univ, true_and,\n  ̲  ̲ ̲ ̲Set.mem_setOf_eq] at hα hβ ⊢\n\nNote: This linter can be disabled with `set_option linter.unusedSimpArgs false`",
   "level": "warning"},
  {"message":
   "CausalAlgebraicGeometry/NoetherianRatio.lean:152:39: This simp argument is unused:\n  List.mem_nil_iff\n\nHint: Omit it from the simp argument list.\n  simp [List.mem_cons,̵ ̵L̵i̵s̵t̵.̵m̵e̵m̵_̵n̵i̵l̵_̵i̵f̵f̵] at hx\n\nNote: This linter can be disabled with `set_option linter.unusedSimpArgs false`",
   "level": "warning"},
  {"message":
   "CausalAlgebraicGeometry/NoetherianRatio.lean:177:39: This simp argument is unused:\n  List.mem_nil_iff\n\nHint: Omit it from the simp argument list.\n  simp [List.mem_cons,̵ ̵L̵i̵s̵t̵.̵m̵e̵m̵_̵n̵i̵l̵_̵i̵f̵f̵] at hx\n\nNote: This linter can be disabled with `set_option linter.unusedSimpArgs false`",
   "level": "warning"}],
 "inputs":
 [["CausalAlgebraicGeometry.NoetherianRatio:deps",
   [["deps",
     [["CausalAlgebraicGeometry/CausalAlgebraicGeometry:extraDep",
       [["@CausalAlgebraicGeometry:extraDep", "00000000000006bb"]]],
      ["imports",
       [["Mathlib.Order.Basic transitive imports (legacy)", "d3247f324f550652"],
        ["Mathlib.Order.Basic:importAllArts", "3c5f813a71c78b8c"],
        ["Mathlib.Data.Fintype.Basic transitive imports (legacy)",
         "4e94253bc0d7cbb5"],
        ["Mathlib.Data.Fintype.Basic:importAllArts", "17fb2da79acf29b9"],
        ["Mathlib.Data.Finset.Basic transitive imports (legacy)",
         "737bd5c64804cc77"],
        ["Mathlib.Data.Finset.Basic:importAllArts", "61dc2f560ae96eac"],
        ["Mathlib.Data.Finset.Powerset transitive imports (legacy)",
         "519c7c39a8a6be98"],
        ["Mathlib.Data.Finset.Powerset:importAllArts", "9efc1f3559f81e17"],
        ["Mathlib.Data.Finset.Card transitive imports (legacy)",
         "62ef8698030eb9dc"],
        ["Mathlib.Data.Finset.Card:importAllArts", "9d8a1b7a115196cd"],
        ["CausalAlgebraicGeometry.CausalAlgebra transitive imports (legacy)",
         "0ffbcf99f37c5337"],
        ["CausalAlgebraicGeometry.CausalAlgebra:importAllArts",
         "4e44f4e9327ffba3"],
        ["CausalAlgebraicGeometry.CausalPrimality transitive imports (legacy)",
         "a3005c5d4851ae2c"],
        ["CausalAlgebraicGeometry.CausalPrimality:importAllArts",
         "2ce1e08f08e51b5f"]]]]],
    ["libs",
     [["import dynlibs", "00000000000006bb"],
      ["package external libraries", "00000000000006bb"],
      ["module dynlibs", "00000000000006bb"],
      ["module plugins", "00000000000006bb"]]]]],
  ["Lean 4.28.0, commit 7e01a1bf5c70fc6167d49c345d3bf80596e9a79b",
   "a96bc04a2e5e9630"],
  ["/Users/thomasdifiore/causal-algebraic-geometry-lean/CausalAlgebraicGeometry/NoetherianRatio.lean",
   "6c59d15f84d488af"],
  ["options",
   [["-DrelaxedAutoImplicit=false", "74a2b5546b55be80"],
    ["-Dpp.unicode.fun=true", "9b94070140457fab"]]],
  ["Module.leanArgs: #[]", "00000000000006bb"]],
 "depHash": "501a63c94f9c1899"}