{"synthetic": false,
 "schemaVersion": "2025-09-10",
 "outputs":
 {"o": ["43c2f10c547a1359.olean"],
  "i": "628338338bb7ddeb.ilean",
  "c": "68e8e50455d1330f.c"},
 "log":
 [{"message":
   ".> LEAN_PATH=/Users/thomasdifiore/causal-algebraic-geometry-lean/.lake/packages/Cli/.lake/build/lib/lean:/Users/thomasdifiore/causal-algebraic-geometry-lean/.lake/packages/batteries/.lake/build/lib/lean:/Users/thomasdifiore/causal-algebraic-geometry-lean/.lake/packages/Qq/.lake/build/lib/lean:/Users/thomasdifiore/causal-algebraic-geometry-lean/.lake/packages/aesop/.lake/build/lib/lean:/Users/thomasdifiore/causal-algebraic-geometry-lean/.lake/packages/proofwidgets/.lake/build/lib/lean:/Users/thomasdifiore/causal-algebraic-geometry-lean/.lake/packages/importGraph/.lake/build/lib/lean:/Users/thomasdifiore/causal-algebraic-geometry-lean/.lake/packages/LeanSearchClient/.lake/build/lib/lean:/Users/thomasdifiore/causal-algebraic-geometry-lean/.lake/packages/plausible/.lake/build/lib/lean:/Users/thomasdifiore/causal-algebraic-geometry-lean/.lake/packages/mathlib/.lake/build/lib/lean:/Users/thomasdifiore/causal-algebraic-geometry-lean/.lake/build/lib/lean /Users/thomasdifiore/.elan/toolchains/leanprover--lean4---v4.28.0/bin/lean /Users/thomasdifiore/causal-algebraic-geometry-lean/CausalAlgebraicGeometry/OrderComplexCohomology.lean -o /Users/thomasdifiore/causal-algebraic-geometry-lean/.lake/build/lib/lean/CausalAlgebraicGeometry/OrderComplexCohomology.olean -i /Users/thomasdifiore/causal-algebraic-geometry-lean/.lake/build/lib/lean/CausalAlgebraicGeometry/OrderComplexCohomology.ilean -c /Users/thomasdifiore/causal-algebraic-geometry-lean/.lake/build/ir/CausalAlgebraicGeometry/OrderComplexCohomology.c --setup /Users/thomasdifiore/causal-algebraic-geometry-lean/.lake/build/ir/CausalAlgebraicGeometry/OrderComplexCohomology.setup.json --json",
   "level": "trace"},
  {"message":
   "CausalAlgebraicGeometry/OrderComplexCohomology.lean:117:34: This simp argument is unused:\n  List.eraseIdx\n\nHint: Omit it from the simp argument list.\n  simp only [coboundary, faceMap, List.e̵r̵a̵s̵e̵I̵d̵x̵,̵ ̵L̵i̵s̵t̵.̵length]\n\nNote: This linter can be disabled with `set_option linter.unusedSimpArgs false`",
   "level": "warning"},
  {"message":
   "CausalAlgebraicGeometry/OrderComplexCohomology.lean:127:34: This simp argument is unused:\n  List.eraseIdx\n\nHint: Omit it from the simp argument list.\n  simp only [coboundary, faceMap, List.e̵r̵a̵s̵e̵I̵d̵x̵,̵ ̵L̵i̵s̵t̵.̵length]\n\nNote: This linter can be disabled with `set_option linter.unusedSimpArgs false`",
   "level": "warning"}],
 "inputs":
 [["CausalAlgebraicGeometry.OrderComplexCohomology:deps",
   [["deps",
     [["CausalAlgebraicGeometry/CausalAlgebraicGeometry:extraDep",
       [["@CausalAlgebraicGeometry:extraDep", "00000000000006bb"]]],
      ["imports",
       [["Mathlib.Data.List.Basic transitive imports (legacy)",
         "e06b396d61ae1c36"],
        ["Mathlib.Data.List.Basic:importAllArts", "4aee20f8e35b9d91"],
        ["Mathlib.Data.List.Sort transitive imports (legacy)",
         "4843830c77b3e93a"],
        ["Mathlib.Data.List.Sort:importAllArts", "507fcbbab34be511"],
        ["Mathlib.Data.Finset.Basic transitive imports (legacy)",
         "737bd5c64804cc77"],
        ["Mathlib.Data.Finset.Basic:importAllArts", "61dc2f560ae96eac"],
        ["Mathlib.Data.Fintype.Basic transitive imports (legacy)",
         "4e94253bc0d7cbb5"],
        ["Mathlib.Data.Fintype.Basic:importAllArts", "17fb2da79acf29b9"],
        ["CausalAlgebraicGeometry.CausalAlgebra transitive imports (legacy)",
         "0ffbcf99f37c5337"],
        ["CausalAlgebraicGeometry.CausalAlgebra:importAllArts",
         "4e44f4e9327ffba3"]]]]],
    ["libs",
     [["import dynlibs", "00000000000006bb"],
      ["package external libraries", "00000000000006bb"],
      ["module dynlibs", "00000000000006bb"],
      ["module plugins", "00000000000006bb"]]]]],
  ["Lean 4.28.0, commit 7e01a1bf5c70fc6167d49c345d3bf80596e9a79b",
   "a96bc04a2e5e9630"],
  ["/Users/thomasdifiore/causal-algebraic-geometry-lean/CausalAlgebraicGeometry/OrderComplexCohomology.lean",
   "f4c75d26f5bac42f"],
  ["options",
   [["-DrelaxedAutoImplicit=false", "74a2b5546b55be80"],
    ["-Dpp.unicode.fun=true", "9b94070140457fab"]]],
  ["Module.leanArgs: #[]", "00000000000006bb"]],
 "depHash": "6b0a2ce44fe837dc"}